#
# A fatal error has been detected by the Java Runtime Environment:
#
#  Internal Error (javaClasses.cpp:129), pid=32280, tid=32580
#  fatal error: Invalid layout of preloaded class
#
# JRE version: 7.0_09-b05
# Java VM: Java HotSpot(TM) 64-Bit Server VM (23.5-b02 mixed mode windows-amd64 compressed oops)
# Failed to write core dump. Minidumps are not enabled by default on client versions of Windows
#
# If you would like to submit a bug report, please visit:
#   http://bugreport.sun.com/bugreport/crash.jsp
#

---------------  T H R E A D  ---------------

Current thread (0x0000000002c4e000):  JavaThread "Unknown thread" [_thread_in_vm, id=32580, stack(0x0000000002b30000,0x0000000002c30000)]

Stack: [0x0000000002b30000,0x0000000002c30000]

---------------  P R O C E S S  ---------------

Java Threads: ( => current thread )

Other Threads:

=>0x0000000002c4e000 (exited) JavaThread "Unknown thread" [_thread_in_vm, id=32580, stack(0x0000000002b30000,0x0000000002c30000)]

VM state:not at safepoint (not fully initialized)

VM Mutex/Monitor currently owned by a thread: None

GC Heap History (0 events):
No events

Deoptimization events (0 events):
No events

Internal exceptions (0 events):
No events

Events (10 events):
Event: 0.007 loading class 0x0000000002cc2cb0 done
Event: 0.007 loading class 0x0000000002cc2a40 done
Event: 0.007 loading class 0x0000000002cc26b0
Event: 0.007 loading class 0x0000000002d02540
Event: 0.007 loading class 0x0000000002d02540 done
Event: 0.007 loading class 0x0000000002d01800
Event: 0.007 loading class 0x0000000002d01800 done
Event: 0.007 loading class 0x000000000e64da60
Event: 0.007 loading class 0x000000000e64da60 done
Event: 0.008 loading class 0x0000000002cc26b0 done


Dynamic libraries:
0x000007f697c30000 - 0x000007f697c64000 	C:\Program Files\Java\jre7\bin\javaw.exe
0x000007ff76740000 - 0x000007ff76900000 	C:\Windows\SYSTEM32\ntdll.dll
0x000007ff75520000 - 0x000007ff75656000 	C:\Windows\system32\KERNEL32.DLL
0x000007ff73a50000 - 0x000007ff73b43000 	C:\Windows\system32\KERNELBASE.dll
0x000007ff75d90000 - 0x000007ff75e6e000 	C:\Windows\system32\ADVAPI32.dll
0x000007ff73e40000 - 0x000007ff73f8c000 	C:\Windows\system32\USER32.dll
0x000007ff70b50000 - 0x000007ff70dba000 	C:\Windows\WinSxS\amd64_microsoft.windows.common-controls_6595b64144ccf1df_6.0.9200.16579_none_418ab7ef718b27ef\COMCTL32.dll
0x000007ff75420000 - 0x000007ff754c5000 	C:\Windows\system32\msvcrt.dll
0x000007ff754d0000 - 0x000007ff75518000 	C:\Windows\SYSTEM32\sechost.dll
0x000007ff760a0000 - 0x000007ff761e0000 	C:\Windows\system32\RPCRT4.dll
0x000007ff75f60000 - 0x000007ff760a0000 	C:\Windows\system32\GDI32.dll
0x000007ff758e0000 - 0x000007ff75919000 	C:\Windows\system32\IMM32.DLL
0x000007ff761e0000 - 0x000007ff762f5000 	C:\Windows\system32\MSCTF.dll
0x000007ff735b0000 - 0x000007ff735f6000 	C:\Windows\system32\nvinitx.dll
0x000000000f000000 - 0x000000000f006000 	C:\Program Files\NVIDIA Corporation\CoProcManager\detoured.dll
0x000007ff712a0000 - 0x000007ff712f5000 	C:\Program Files\NVIDIA Corporation\CoProcManager\nvd3d9wrapx.dll
0x000007ff75920000 - 0x000007ff75af0000 	C:\Windows\system32\SETUPAPI.dll
0x000007ff73a00000 - 0x000007ff73a4f000 	C:\Windows\system32\CFGMGR32.dll
0x000007ff739d0000 - 0x000007ff739f2000 	C:\Windows\system32\DEVOBJ.dll
0x000007ff71260000 - 0x000007ff7129d000 	C:\Program Files\NVIDIA Corporation\CoProcManager\nvdxgiwrapx.dll
0x000000005c930000 - 0x000000005ca01000 	C:\Program Files\Java\jre7\bin\msvcr100.dll
0x000000005c0f0000 - 0x000000005c80f000 	C:\Program Files\Java\jre7\bin\server\jvm.dll
0x000007ff68610000 - 0x000007ff68619000 	C:\Windows\SYSTEM32\WSOCK32.dll
0x000007ff70520000 - 0x000007ff70540000 	C:\Windows\SYSTEM32\WINMM.dll
0x000007ff73c00000 - 0x000007ff73c07000 	C:\Windows\system32\PSAPI.DLL
0x000007ff75d30000 - 0x000007ff75d88000 	C:\Windows\system32\WS2_32.dll
0x000007ff6fdf0000 - 0x000007ff6fe22000 	C:\Windows\SYSTEM32\WINMMBASE.dll
0x000007ff75b80000 - 0x000007ff75b89000 	C:\Windows\system32\NSI.dll
0x000000005c920000 - 0x000000005c92f000 	C:\Program Files\Java\jre7\bin\verify.dll
0x000000005c8f0000 - 0x000000005c918000 	C:\Program Files\Java\jre7\bin\java.dll
0x000000005c8d0000 - 0x000000005c8e5000 	C:\Program Files\Java\jre7\bin\zip.dll

VM Arguments:
jvm_args: -Dfile.encoding=Cp1252 -Xbootclasspath:C:\Users\lorenzo\Downloads\adt-bundle-windows-x86_64-20130219\adt-bundle-windows-x86_64-20130219\sdk\platforms\android-17\android.jar;C:\Users\lorenzo\Downloads\adt-bundle-windows-x86_64-20130219\adt-bundle-windows-x86_64-20130219\sdk\add-ons\addon-google_apis-google-17\libs\effects.jar;C:\Users\lorenzo\Downloads\adt-bundle-windows-x86_64-20130219\adt-bundle-windows-x86_64-20130219\sdk\add-ons\addon-google_apis-google-17\libs\usb.jar;C:\Users\lorenzo\Downloads\adt-bundle-windows-x86_64-20130219\adt-bundle-windows-x86_64-20130219\sdk\add-ons\addon-google_apis-google-17\libs\maps.jar 
java_command: com.example.devopdracht.JSONtester
Launcher Type: SUN_STANDARD

Environment Variables:
PATH=C:\Program Files (x86)\NVIDIA Corporation\PhysX\Common;C:\Windows\system32;C:\Windows;C:\Windows\System32\Wbem;C:\Windows\System32\WindowsPowerShell\v1.0\;C:\Program Files (x86)\Windows Live\Shared;C:\Program Files (x86)\Microsoft SQL Server\100\Tools\Binn\;C:\Program Files\Microsoft SQL Server\100\Tools\Binn\;C:\Program Files\Microsoft SQL Server\100\DTS\Binn\;C:\Program Files (x86)\Microsoft SQL Server\100\DTS\Binn\
USERNAME=lorenzo
OS=Windows_NT
PROCESSOR_IDENTIFIER=Intel64 Family 6 Model 42 Stepping 7, GenuineIntel



---------------  S Y S T E M  ---------------

OS: Windows 8 , 64 bit Build 9200 

CPU:total 4 (4 cores per cpu, 1 threads per core) family 6 model 42 stepping 7, cmov, cx8, fxsr, mmx, sse, sse2, sse3, ssse3, sse4.1, sse4.2, popcnt, avx, tsc, tscinvbit

Memory: 4k page, physical 12498036k(8772356k free), swap 14267508k(9117312k free)

vm_info: Java HotSpot(TM) 64-Bit Server VM (23.5-b02) for windows-amd64 JRE (1.7.0_09-b05), built on Sep 24 2012 21:45:04 by "java_re" with unknown MS VC++:1600

time: Mon May 27 20:46:07 2013
elapsed time: 0 seconds

